-------------------------------------------------------------------------------
Test set: co.com.emcali.sidapweb.sidapweb.SidapwebApplicationTests
-------------------------------------------------------------------------------
Tests run: 1, Failures: 0, Errors: 1, Skipped: 0, Time elapsed: 2.102 s <<< FAILURE! - in co.com.emcali.sidapweb.sidapweb.SidapwebApplicationTests
contextLoads(co.com.emcali.sidapweb.sidapweb.SidapwebApplicationTests)  Time elapsed: 0.004 s  <<< ERROR!
java.lang.IllegalStateException: Failed to load ApplicationContext
Caused by: org.springframework.beans.factory.UnsatisfiedDependencyException: Error creating bean with name 'reporteTurnosController': Unsatisfied dependency expressed through field 'reporteTurnoService'; nested exception is org.springframework.beans.factory.UnsatisfiedDependencyException: Error creating bean with name 'reporteTurnosServiceImpl': Unsatisfied dependency expressed through field 'reporteTurnosRepository'; nested exception is org.springframework.beans.factory.BeanCreationException: Error creating bean with name 'reporteTurnosRepository': Post-processing of merged bean definition failed; nested exception is java.lang.NoSuchMethodError: javax.persistence.PersistenceContext.synchronization()Ljavax/persistence/SynchronizationType;
Caused by: org.springframework.beans.factory.UnsatisfiedDependencyException: Error creating bean with name 'reporteTurnosServiceImpl': Unsatisfied dependency expressed through field 'reporteTurnosRepository'; nested exception is org.springframework.beans.factory.BeanCreationException: Error creating bean with name 'reporteTurnosRepository': Post-processing of merged bean definition failed; nested exception is java.lang.NoSuchMethodError: javax.persistence.PersistenceContext.synchronization()Ljavax/persistence/SynchronizationType;
Caused by: org.springframework.beans.factory.BeanCreationException: Error creating bean with name 'reporteTurnosRepository': Post-processing of merged bean definition failed; nested exception is java.lang.NoSuchMethodError: javax.persistence.PersistenceContext.synchronization()Ljavax/persistence/SynchronizationType;
Caused by: java.lang.NoSuchMethodError: javax.persistence.PersistenceContext.synchronization()Ljavax/persistence/SynchronizationType;

